
Argentina
Australia
Austria
Bangladesh
Belgium
Brazil
Bulgaria
Canada
Chile
China
Colombia
Costa Rica
Croatia
Cyprus
Czech Republic
Denmark
Dominica
Ecuador
Estonia
Finland
France
Germany
Greece
Hong Kong
Hungary
India
Ireland
Israel
Italy
Japan
Kazakhstan
Korea
Kuwait
Lebanon
Lithuania
Luxembourg
Malaysia
Malta
Mexico
Netherlands
New Zealand
Norway
Oman
Panama
Peru
Poland
Portugal
Puerto Rico
Qatar
Romania
Russian Federation
Saudi Arabia
Singapore
Slovak Republic
Slovenia
South Africa
Spain
Sweden
Switzerland
Taiwan
Turkey
United Arab Emirates
United Kingdom
United States
Uruguay
Venezuela
