Accounting
Airlines/Aviation
Animation
Apparel & Fashion
Architecture & Planning
Arts and Crafts
Auctions
Automobiles
Automotive
Aviation & Aerospace
Banking
Biotechnology
Boats & Submarines
Broadcast Media
Brokerage
Building Materials
Business Services
Business Supplies and Equipment
Car & Truck Rental
Chemicals
Civic & Social Organization
Civil Engineering
Computer & Network Security
Computer Games
Computer Hardware
Computer Networking
Computer Software
Construction
Consumer Electronics
Consumer Goods
Consumer Services
Cosmetics
Cultural
Dairy
Defense & Space
Design
Education
Education Management
E-Learning
Electrical/Electronic Manufacturing
Electronics
Entertainment
Environmental Services
Events Services
Executive Office
Facilities Services
Farming
Financial Services
Fine Art
Food & Beverages
Food Production
Fund-Raising
Furniture
Glass, Ceramics & Concrete
Government Administration
Government Relations
Graphic Design
Health, Wellness and Fitness
Higher Education
Hospital & Health Care
Hospitality
Human Resources
Import and Export
Individual & Family Services
Industrial Automation
Information Services
Information Technology and Services
Insurance
International Affairs
International Trade and Development
Internet
Investment Banking
Investment Management
Judiciary
Law Enforcement
Law Practice
Legal Services
Legislative Office
Leisure, Travel & Tourism
Libraries
Logistics and Supply Chain
Luxury Goods & Jewelry
Machinery
Management Consulting
Manufacturing
Maritime
Market Research
Marketing and Advertising
Mechanical or Industrial Engineering
Media Production
Medical Devices
Medical Practice
Mental Health Care
Military
Mining & Metals
Motion Pictures and Film
Motor Vehicle Dealers
Museums and Institutions
Music
Newspapers
Nonprofit Organization Management
Office Products
Oil & Energy
Online Media
Outsourcing/Offshoring
Package/Freight Delivery
Performing Arts
Pharmaceuticals
Philanthropy
Photography
Plastics
Political Organization
Primary/Secondary Education
Printing
Professional Training & Coaching
Program Development
Public Relations and Communications
Public Safety
Publishing
Real Estate
Religious Institutions
Renewables & Environment
Research
Restaurants
Retail
Security and Investigations
Security Products & Services
Semiconductors
Shipbuilding
Sporting Goods
Sports
Staffing and Recruiting
Supermarkets
Telecommunications
Test & Measurement Equipment
Textiles
Think Tanks
Tires & Rubber
Tobacco
Toys & Games
Translation and Localization
Transportation/Trucking/Railroad
Utilities
Venture Capital & Private Equity
Veterinary
Warehousing
Wholesale
Wine and Spirits
Wire & Cable
Writing and Editing
