
(algrorithm group) research scientist
21c and btw release manager - lead
3g+ and lte system test manager
5-year teacher education program
aat and bmo bank of montreal
academic co-chair
account assistant
account director
account director and partner
account director cúram solutions
account executive
account executive - business insurance
account manager
account manager horeca
account manager omantel
account manager personal care
accountant
accounting analyst
accounting clerk
accounts manager
accounts officer
accounts payable analyst
accounts payable supervisor
accounts receivable associate
accounts receivable clerk
accounts receivable officer
acne doctors - neutrogena skinid™ dermatologist
acquisitions coordinator
acting assistant director
acting sales manager
adjointe administrative
adjointe administrative en litige
adjunct anatomy and physiology instructor
adjunct english instructor
adjunct faculty
adjunct faculty - accounting and finance
adjunct faculty - instructor
adjunct faculty instructor
adjunct instructor
adjunct professor
adjunct professor of arts administration
adjunct professor of entrepreneurship
adm sup office
admin and assistant
admin assistant
admin clerk
admin. assistant
administrateur système and system administrator
administration manager
administration supervisor
administrative assistant
administrative assistant - medical services and office of the physician-in-chief
administrative assistant and information technology coordinator
administrative assistant to the dean
administrative officer
administrative services manager
administrator
admissions counselor  admissions
adoption case aide
advance planning director - family service director
advertising representative and writer
advisor
advisory board member
agent
air traffic flow controller
alternative assigmt - department
american comedian
analyst
analytics manager
app sys and analyst progr senior
application and business analyst
application developer and database administrator
application engineer
application engineer 5
apprenticeship recruitment consultant
arbutus distinguished professor emeritus
architect
architectural assistant
archive assistant
area administrator
area manager
area sales manager
area talent manager, me
art department chair
artist
artist and printmaking professor
artwork production coordinator
assistant
assistant and intern
assistant branch manager
assistant brand manager
assistant buyer
assistant chief
assistant chief financial officer - fiscal planning and analysis
assistant clinical professor
assistant coach
assistant controller
assistant corporation counsel, special federal litigation
assistant design engineer
assistant desk supervisor
assistant director and oper&infra
assistant director, research division
assistant event coordinator
assistant facility manager
assistant financial controller
assistant general counsel
assistant manager
assistant market manager
assistant marketing manager - flyer production
assistant merchandise planner
assistant merchandising store manager
assistant principal
assistant professor
assistant professor educator
assistant professor in the department of communication
assistant professor of art
assistant professor of business administration
assistant professor of medicine
assistant professor of music
assistant professor of sociology
assistant professor of surgery
assistant professor, assistant professor
assistant professor, college of aeronautics
assistant professor, department of chemistry and biochemistry
assistant store manager
assistant team leader
assistant technical designer
assistant to finance director mc
assistant to senior vice president - head of global human resources, legal and compliance
assistant to the chairman
assistant to the director
assistant to vice president and dean of admissions
assistant vice president
assistant vice president and mortgage compliance
assistant vice president and relationship manager
assistant vice principal
assistante
associate
associate broker
associate dean
associate dean for judicial affairs
associate director
associate director, clinical research
associate director, institutional banking
associate editor
associate european medical lead
associate faculty
associate in ..
associate lecturer
associate professor
associate professor , director , preventive cardiology program , program director , cardiology fellowship
associate professor , medical director , cardiac electrophysiology laboratory , co-director
associate professor of medicine
associate specialist, operations support
associate transportation planner
associate vice president
associate, asset management
associate, real estate
associée, innocuité des médicaments
athletic department: game operations
athletics assistant communications director
atlantic coordinator and lead teacher
audience development manager
audit assistant
audit manager
back office assistant
backshop
backstock associate
bank officer , assistant branch manager
bar manager
bar staff
base business capture and tender
beauty consultant
beauty editor
bill and tariff audit operational support
billing and collection analyst
biodiversity technician
biology professor
board co-chair
board member
board of trustees member
board vice president
bookkeeper
branch administrator
brand associate
brand protection manager
brazilian manager
broker
bts and transmission technician
bu pharma controlling
bus and technology delivery manager
business analyst
business broker and marketing director
business consultant
business customer relations agent
business development
business development consultant
business development coordinator
business development director
business development executive
business development intern
business development lead
business development manager
business development manager - apac
business development representative
business development specialist
business freedom
business manager
business performance manager
buyer
buyer - direct purchasing
buyer and order administrator
cafeteria manager
call breckland council community officer, recurring events
campaign and events coordinator
campus recruiter, global talent acquisition
campus steward
capex manager
capital works financial coordinator, tourism and culture division
career advisor - academic advising
career counselor
career development research fellow at the wellcome trust - mrc stem cell institute and department of veterinary medicine at the university of cambridge
cargo agent
carrier operations
cash systems coordinator
cast trainer
category manager
certification level ii teacher
certified teacher
certified trainer and distributor
chair
chair, olympic board
chairman
chairman and chief executive officer
chairman of trustees
channel development manager
channel management
chargée de recrutement
chartered accountant
chassis manager, cost engineering
chemist
chief accountant
chief architect
chief commercial officer
chief electrical inspector , codes and standards section
chief estimator
chief executive officer
chief executive officer and managing director
chief executive officer and senior appraiser
chief financial officer
chief financial officer and general manager
chief information officer
chief information security officer
chief marketing officer
chief operating officer
chief operating officer - commercial capabilities and customer experience - lilly canada
chief revenue officer
chief scientist
chief technology officer
child care eligibility supervisor
choreographer
chronicler and biographer
civil earthworks consultant
civil engineer-in-training
claims administrator
claims integrity site review consultant
claims professional
classroom teacher
claveciniste, organiste, chef d'orchestre
clerical associate
client advisor
client care specialist
client manager
client service specialist
client services agent - strata master
client services manager
client support
client support supervisor
climate counselor and knox county schools
clinical coordinator, faculty - practical nursing program
clinical dietitian
clinical fellow of neonatology
clinical intern
clinical lead
clinical psychologist
clinical psychology
clinical research associate
clinical studies distribution specialist
club captain
cluster gfm - vic west
cnapp. software development principal cnslt.
co owner
co-chief executive officer
co-creator, the worldwide adventures of rohini molini
coded welder
co-founder and chief technology officer
co-founder, chief operating officer
co-head , infrastructure and utilities ratings
college instructor
commercial account manager
commercial assistant property manager
commercial community analyst
commercial development manager
commercial engineer
commercial manager ,
committee member
communication and journalism
communications coordinator
communications junior assistant
communications manager
community engagement coordinator
company founder
compensation analyst associate
computational biology group leader
computer helpdesk manager
computer lab assistant
computing and ict programme manager
config technician
congressional intern
conseillère à la clientèle
conseillère aux avant. sociaux
conseillère en recrutement ti and acquisition de talents
construction director
construction engineering department
construction management consultant (tunneling and underground construction)
construction manager
consultancy services manager - australasia
consultant
consultant pré-vente arcsight, tippingpoint, fortify et atalla.
consulting engineers
consulting partner, business improvement consulting and training
consultor
consumer electronics technical
contact group chair
content manager
contract delivery manager
contract indexer
contractor
contracts manager
contracts support manager
contributor
contrôleure
controller
controller management
controls and calibration team lead
co-owner
core member
corporate account manager
corporate and public banking - head of reporting
corporate lawyer
corporate manager - financial services
correspondent
counselor
country manager
country manager (portugal)
county library director
course mentor, general education
cpc (certified professional coder)
cpn coordinator
creative services
creative studio
credentialing analyst
credit specialist
cse
curator
current member
curriculum specialist
custodian
customer care associate
customer operations specialist
customer relationship executive
customer service
customer service administrator
customer service and support
customer service attendant
customer service field representative
customer service manager
customer service representative
customer service representative i
customer service team
customer services coordinator
cutover manager - wams project
dance instructor
data analytics officer
data processing
database architect
deacon
dean - technical education
dean of arts and sciences
dear recruiter
delegate
demand planning analyst
demand supply senior advisor
department assistant
department of philosophy
deputy head
deputy head of meetings
desarrolador web (front-end) independiente
design consultant
design engineer
design engineer - valves
designer
desktop anaylst and information technology purchasing
developer
development assistant
development associate, donor relations
digital artist
digital content administrator
digital producer
directeur de compte services des marchés agricoles et commerciaux
directeur de comptes, marchés commercial et industriel
directeur principal conseils et vigie
director
director - customer engagement
director - investment banking
director , human resources
director , information technology
director africa regional office
director and team lead - global regulatory compliance
director medicine
director of active optics
director of administration
director of admissions
director of advancement operat
director of athletics
director of aviation program
director of business development
director of catering sales
director of coaching
director of core services
director of curriculum and instruction
director of delivery services   senior consultant
director of development for research
director of donor relations and communications
director of economic development programs
director of emergency services
director of evaluation strategies, evaluation systems group
director of event technology
director of events, rebeccas cafe northeastern university
director of facilities
director of fashion and beauty
director of gender studies
director of human capital
director of library services and learning resources
director of materials
director of nursing
director of nursing and quality
director of operations
director of paralegal programs
director of photography and photographer
director of projects and alliances
director of residential programs
director of sales russia and cis
director of specialties
director of studio programs
director of the islamic studies program
director of training
director provincial operations
director, advising and outreach
director, application development
director, business development
director, canadian taxation
director, center for environmental studies
director, corporate audit
director, customer service and inside sales; process technologies division
director, health and safety
director, international tax consulting
director, mathematics
director, platform and technology strategy . (sony distinguished engineer)
director, program management
director, sales
director, speakers' bureau
director, web and digital communications
directrice adjointe - fiscalit?
dir-hotel operations
dir-network assurance
disbursement accounts executive
dispatcher
display analyst , associate account management
distribuição
distribution group
district chief
district financial manager
district manager
district manager speci
districtwide music teacher
division director
divisional manager
divisional senior human resources generalist
doctor
document administrator
document controller - i&e
dpty rm (contact)
driver recruiter
ed, technology ind development
edc and debt sales
editorial associate , acquisitions
education and entertainment writing
education coordinator
education team leader
educational assistant
educational psychologist
educator
el returns operative - early
electrical and plumbing and appliance repair services
electrical engineering manager
electronic design consultant
electronic module procurement department
elementary school teacher
elementary secretary
employee
employee-adm
enactus project manager
energy consultant
engineer
engineer 4 - product specialist
engineer.network consulting
engineering and applied science trainee
engineering department - sales and service
engineering director
engineering manager
engineering technician civil
engineer-php,  auto e-com
english division chair
english language arts teacher and department head
english tchr, high school
english teacher
enjo consultant
enterprise solutions manager
entertainer
eop academic counselor
epsrc career acceleration fellow and senior lecturer in organic chemistry
era technical specialist
eric le flour, vice president, product and business management
estate agent
estimator
event and communication junior manager
event coordinator sydney harbour
event sales executive
events coordinator
examinations officer
executive administrative assistant
executive assistant
executive assistant , project management and construction
executive assistant and office manager
executive assistant to chief executive officer
executive board member
executive director
executive director of administrative information services, office of information technology
executive director of campus planning
executive officer
executive recruiter
executive recruitment consultant
executive services manager
executive vice president
executive vice president , sales
executive vice president mobile services
executive vice president, procurement
exhibiting artist
experience consultant
extension associate and dietitian
external recruitment consultant
facilities , safety and security technician
facilities manager
facilities support coordinator
facilities, electrician
facilty-hvac
faculty
faculty emeritus
family-medicine physician
fdi business development director
fellow
fiber consultant
field and project engineer
field applications engineer
field technician
finance analyst
finance and accounting recruiter
finance and business economics teacher
finance assistant
finance coordinator 4
finance director
finance director uki
finance manager
finance specialist
financial adviser
financial aid counselor
financial analyst
financial assistant
financial assistant - seft
financial client executive
financial conduct authority
financial correspondent
financial services administrator
financial services manager
financial services representative
fine dining server
first assistant manager
first shift building services supervisor
firstline technical support engineer
fiscal analyst 2
fiscal management officer
florist
food and beverage attendant
food supervisor.
football administrator
foreign law clerk
founder
founder and business development
founder and chief executive officer
founder and designer and creator
founder and lead facilitator
founder and managing director
founder and president
founding member
fp&a consultant
freelance 2d and 3d generalist
freelance teacher of the arts
freelancer
french assistant
freshman member of the mountaineers
funeral director
funeral director and embalmer
furniture manager
general accountant
general accounting manager
general manager
general manager operations
general manager safety
general manager, related beal
gep chief marketing  offi and lead chn
german 101 instructor
girls volleyball coach
gis analyst
glazier
global business development director
global compliance regulatory affairs
global head
global information technology development manager
global marketing director , family nutrition
global meeting planner
global past president
global supply management
good friday service
graduate apprentice engineer
graduate assistant
graduate assistant-research [cce e]
graduate clinical research associate
graduate geotechnical engineer
graduate medical resident v
graduate programs coordinator- charles e. schdmit college of medicine
graduate research assistant
graduate student
graduate teaching assistant
graphic and web designer
graphic designer
group corporate business nfu mutual
group deputy legal and development director
group executive vice president and chief business process officer
group fitness department head
group human resources manager
group managing partner
group vice president operations - laminates and panels
group's coordinator
h2s safety supervisor
head coach
head of benchmark and index control group analytics
head of collections
head of cruise and ferry sales
head of finance
head of human resources for rc
head of marketing
head of procurement
head of projects
head of property
head of property services
head of risk
head of sales
head of sales and marketing
head of security
head of store development
head of strategic risk management
head of technical projects
head of technical services
head of the bassoon department
head of the team
head of training
health and social affairs editor
health and wellness director
health information management specialist
health insurance broker
health physicist
helpdesk technician
hgtv consultant
honorary clinical senior lecturer
horticulture service manager
house call tutor
human resources
human resources coordinator
human resources generalist
human resources information systems administrator
human resources manager
human resources specialist, human resource info systems
i financial advisor
implementation project manager
import manager
incident manager
independent consultant
indirect tax manager
industry
information systems specialist
information technology - operations manager
information technology administrator
information technology analyst, applications lead
information technology and information systems manager
information technology department
information technology development manager - corporate systems
information technology manager
information technology project manager
information technology services marketing specialist
information technology support
information technology support analyst
infra projects
infrastructure planning engineer
injury adjuster
installation manager
institutional sales
instructional designer and elearning developer and senior technical writer and trainer
instructor
instructor - art
instructor ii
instructor in american history
insurance accounting team
insurance manager
integrated systems specialist
interim athletic director and swa
intern
internal sales
internal services coordinator   human resources
international admissions administrator and dso
international business development manager
international research manager
internet&mobilebanking
interstate planner
inventory analyst - engineering logistics
inventory control technician
investment analyst
investment banking
investment professional
ipsas change manager
italian photographer
ivr engineer
java support
journalism professor
journalist
judicial assistant
junior compliance analyst
junior engineer
k-12 teacher
key account manager
key account manager - ireland
key member of goalkeeping department
kindergarten teacher
kitchen manager
kitimat modernization project
kkw research
lab assistant
lab tech
laboratory manager
land planners and development consultants
latam treasury services technology
law clerk
lawyer
lead instructor
lead manufacturing engineer
lead production technician
lead sales assistant
leading online marketplace lender for property lending
learning and development manager
learning technologies manager
lease construction and infrastructure
leasing consulant
lecturer
lecturer  and  workplace  assessor
lecturer in politics
lecturer, director of the center for entrepreneurship and innovation
legal administrative assistant
legal assistant
legal counsel
librarian , head of archives and cataloging division
licensed mental health counselor
licensed teacher
life and love coach
life coach: specialization in relationship and  parenting and success
life science package u and w
lifestyle enrichment director
linebackers
literature and english teacher
litigation paralegal
loan officer
loan officer assistant
loan officer assistant and mlo
local authority representative
local marketing and design consultant
locomotive conductor
logistic and companyorganisation
logistics finance assistant
lpn
lunchtime supervisor
magician
maintenance accountant
maintenance manager
maintenance system specialist
major
management accountant
management accounting - eu operational reporting
manager
manager - equipment division
manager - finance division - midlands
manager - laser scanning unit development
manager - projects
manager ( fund accounting services )
manager , regulatory affairs and compliance
manager administration
manager central  service
manager competency and training group technical resources unit technical division
manager information systems - atv
manager of economic development
manager of security services
manager of service parts engineering
manager of the block office
manager of web and media systems
manager regulatory affairs cmc
manager- transportation and parking services
manager, classroom present technol
manager, contact centre
manager, engineering
manager, marketing
manager, sales programs
manager, test engineering
manager, university events
manager--qa and qc and ra
manager-technology
managing consultant
managing consultant, health and productivity, employer services
managing director
managing director , australia new zealand
managing director thule s.p.a. - president bu snow chain
managing director, managing director, managing director
managing editor, 'children's bureau express'
managing partner
manufacturing and environmental services executive
map cataloging specialist
marketing and administrative assistant
marketing and communication executive
marketing and communication manager
marketing and communication specialist
marketing and communications coordinator
marketing and recruitment specialist - faculty of environment
marketing consultant
marketing coordinator
marketing director
marketing executive
marketing executive assistant
marketing internship
marketing manager
marketing manager and owner
marketing project coordinator
master franchise owner and country general manager
master's candidate
masters in mechanical and materials engineering(major: manufacturing)
material contact
material handler
math solutions consultant
math support teacher
math teacher
mathematics tutor
mattress professional
mayor
mba candidate, 2009
md
mda category manager
measurement contracts and quality assurance officer
mechanic
mechanical design engineer
mechanical engineer
mechanical manager
media relations manager
media sales adviser
medical assistant
medical or dental resident
medium voltage - marketing
meeting manager
member
member of the advisory board and general manager
member of the board of trustees
member of the committee of management
member of the poetry board
member, department of ophthalmology
member, santa clara sporting 95b green team
members
merchandiser
microsoft azure solution programmer
milk strategic planning
ministry of government services
mobile commerce
mobility services consultant
mortgage consultant nmls 254135
mortgage professional and consultant
mortgage specialist
mst-sa therapist
national account manager
national account manager agricultural sector
national customer services manager
national manager, agencies
national sales manager
national special events manager
national trust accommodation and conference venue
nephrologist
network analyst
network consultant
network engineer
network security engineer
network support officer
new member
news editor, the chicago maroon
noise specialist
north america human resources
novelist
npi program manager
nsw and act internal sales representative
nursing assistant and unit secretary
nz sales development representative
office : 10 finchley st, milton
office adminstrator
office locations
office manager
office manager and remote coordinator
office manager, hong kong
office of academic affairs
office technician i (typing)
officer candidate
officer, event management
off-premise catering manager
onsite system specialist
operaio
operations and finance manager
operations clerk
operations coordinator
operations manager
operations officer
operations supervisor
operator pac 20 and customer service center siemens
opératrice de traitement de texte
oracle dba
orchestra staff manager
order manager
organic chemist, professor
orientation lead and educator
original teacher
orthopedic physician assistant
outreach and instructional librarian
outreach coordinator
overnight support technician
own lecturer
owner
owner and aesthetics
owner and founder
p.d.i and  detailing
pa
paralegal
paralegal and personal assistant
parking services director
partner
partnership specialist
parts manager
part-time lecturer, school of education and human development
pastor
pathology , microbiology and immunology
patient coordinator
patient services coordinator
patient services representative ii
payroll administrator
payroll and pension clerk
payroll assistant
payroll officer
payroll supervisor
payroll team leader - finance
pcc
peer helper, co-operative education and career services
performance improvement manager, manufacturing and supply chain
personal assistant
personal assistant to executive vice president consumer business
personal banker
pfa and material cost management
pharmacist
pharmacy analyst
philanthropy adviser
photographer
physician suspension specialist
physics teacher
pipeline specialties assistant manager
piping design department lead
planner senior materials
planning manager
planning supervisor
plant clerk
plant controller
plant engineer
plant engineering mechanical technician
platform manager\, ipower
pma sales representative
police officer
policy and research consultant
policy manager - customer care
political section
poolside bartender
porftfolio manager
portfolio manager
position in information technology
position in international relations
position in nz product champion
position in recruitment
position in sales professional
position in visitor services
position, financial aid department
position, international public relations, ranging from technology and telecommunication blue chips to educational and local government organisations
postdoctoral research associate
post-doctoral researcher
powerchart and pharmnet consultant
ppts
premier customer service agent
president
president (contract services)
president and chief executive officer
president and co-founder
president and scientific director
president elect
president, chief executive officer, fedex global supply chain services
présidente et conceptrice-rédactrice
president-elect
prevention intervention specialist
principal
principal consultant ( internal projects
principal consultant and actuary
principal engineer
principal flutist
principal investigator
principal scientist
principal, consulting and solutions management
principals and consultant
print development engineer
print production executive
process improvement professional
proctor
procurement
procurement and strategic agreements
procurement manager
procurment engineer
producer
producer and director - refugees of the lost rainforest
product buyer
product development unit manager
product manager
product owner - ecom and omnichannel
production
production and plant manager
production assistant
production employee
productmanager television @ kpn wholesale
professional puppeteer
professional sales representative
professional services engagement manager
professional writing tutor
professor
professor in environmental statistics
professor of art history
professor of english
professor of finance
professor of law
professor of medical humanities and history of medicine
professor of psychology
professor of sociology
program and communications associate
program coordinator
program coordinator for the health care support worker program
program director
program manager
program manager, supervising social worker
program manager.project and program management
program technician ii
programador java
programmer
programmer analyst
project co ordinator: international product support, land and armaments
project coordinator
project coordinator - assistant project manager
project development director and financing specialist
project engineer
project finance , infrastructure and ppp
project leader
project leader - innovation
project management consultancy
project manager
project manager - esp monitoring
project manager - information technology
project manager and system architect , business line car entertainment solutions
project manager, city of monterey
project officer (travelsmart) - transport
project service specialist
projects coordinator
property developer
property management
property manager
property manager ,
proprietor
provincial manager, communications
provisional psychologist
ps partner
psw2
psychiatric nurse practitioner
psychotherapy
public health engineer
public relations customer service profe
public relations intern
public relations major
publications consultant
publicidad y marketing- programación
publisher of fine books on sport
purchase pilot , ifr pilot
purchasing coordinator
purchasing materials manager
quality assurance analyst
quality assurance engineer
quality assurance manager
quality assurance trainer
quality improvement and patient safety
quality manager
quality manager post market surveillance
quality technician
quantitative engineering intern
quantity surveyor
radio show host
rc-us em lp pm-sys map
reading teacher
real estate consultant
real estate sales representative
rec worker
reception
receptionist
records and formalities support
records improvement clerk
recreation supervisor
recruiter
recruitment and quality coordinator
recruitment consultant
recruitment consultant - property
regional account manager
regional associate
regional consultant
regional director of information technology
regional industrial projects manager
regional manager
regional sales director
regional sales manager
regional sales manager - public sector - digital experience specialist
regional vice president
registered nurse
registered teacher
registered yoga teacher
regulatory analyst
relationship manager
relationship manager - financial division
rental agent
rental sales agent
reporter
representative
research - event driven strategies
research administrator
research and development design engineer
research and development program manager
research and grants coordinator
research assistant
research assistant ii
research assistant professor
research associate
research consultant
research fellow
research officer
research scientist
research specialist ii
research study assistant
researcher
resident assistant
resident physician, department of anesthesia and critical care
residential instructor
resolution specialist
resource development manager
resource manager
resources coordinator
responsable d'agence junior
retail representative
retail sales representative
retiree
revenue manager
rewards services polska
richard champion player development regional manager
rn
rn health coach
rn, admission coordinator for tanner in-patient rehab unit
rn-clinical pd(12)lvl3 (uh)-union
roving reporter and delegate
safety and loss prevention advisor
safety care associate and safety coach
sales
sales account manager
sales administration
sales agent
sales and leasing consultant
sales and marketing
sales and marketing manager
sales and purchase director
sales assistant
sales associate
sales consulatant
sales consultant
sales consultant, ag equipment
sales coordinator
sales director
sales director - emea
sales director - mea region
sales director mexico
sales engineering senior manager
sales executive
sales floor representative
sales manager
sales manager (malaysia and thailand)
sales office manager
sales representative
sales solution team consultant
sales specialist
sap fico consultant
sap human resources and payroll consultant
sap human resources development
sap planning and budgeting
sap-bi consultant
school bus driver
school coordinator
school counselor
school director
school social worker
science instructor
scientist
search manager
secretary
senior account clerk
senior account executive
senior account manager
senior accountant
senior accountant ssc, chief accountant
senior accounting manager
senior accounting officer, global settlements
senior accoutant
senior administrative assistant
senior administrative officer, research services
senior administrator
senior administrator office 365
senior analyst fp&a
senior analyst programmer
senior analyst, financial information management
senior application developer
senior application engineer
senior architectural and autocad technician
senior associate
senior associate editor
senior automation analyst
senior business analyst
senior business and systems analyst
senior business consultant
senior c++ engineer
senior case manager
senior chemist
senior civil engineer - sdot major projects division
senior clerk
senior communication advisor
senior compliance executive
senior consultant
senior credit solutions manager
senior designer
senior designer (civil)
senior developer
senior development scientist
senior digital marketing manager
senior director information technology strategy and architecture
senior director quality
senior director research plasma proteins
senior director, assistant treasurer
senior director, information security operations
senior director, mobile strategy
senior director, product management   product marketing   product development
senior domain architect bits
senior engineer
senior escrow assistant
senior estimator
senior executive
senior executive officer (indiv)
senior ffm2 analyst
senior file reviewer
senior fund accountant
senior hse advisor
senior human resources leader
senior human resources manager
senior information manager
senior information systems technician
senior information technology consultant - cloud security
senior information technology operations engineer
senior insurance specialist
senior lead technical recruiter
senior lecturer
senior librarian
senior license management consultant
senior manager
senior manager ( aerospace division )
senior manager public relations
senior manager technology operations
senior manager, audit
senior manager, consulting
senior marketing manager
senior mechanical design
senior medical advisor
senior naval science instructor
senior network engineer
senior network operations specialist
senior network solution consultant
senior operator - cactus lake
senior outbound account executive
senior partner
senior partner and managing director
senior policy officer
senior print production executive
senior procurement advisor
senior program manager - inbound supply chain
senior program manager, business intelligence
senior project engineer
senior project manager
senior recruiter
senior reliability engineer, commercial aircraft department
senior researcher
senior retail finance marketing specialist and project leader
senior s and w engineer
senior sales executive
senior sales manager
senior services engineer
senior small group underwriter
senior solicitor
senior sourcing specialist
senior specialist
senior staff engineer
senior structural engineer
senior technical recruiter
senior technical specialist
senior test engineer
senior test lead
senior underwriter
senior vice president
senior vice president , program management and development
senior vice president and general manager
senior vice president global content
senior vice president human resources development and change
senior vice president, television operations
senior voice engineer
seo consultant
service advisor
service consultant
service delivery
service delivery manager
service desk manager
service improvement director
service manager
service support specialist
service technician
service transition and implementation lead
services engineer
shareholder services administrator
sharepoint developer
shipwright apprentice
shuttle driver
site administrator - pippingarra ane plant
site manager (bunnings)
sixth grade math teacher
smartcalcs customer service quality assistant
soad
social community insider [external]
social media sales associate
software design consultant
software developer
software engineer
software engineer iii
software validation engineer
solutions and information technology products
solutions architect
solutions specialist
solutions» director
sophomore collegiate hockey player
sous chef
south asia cluster water utility manager
spanish teacher
special education aide
special education teacher
specialist cruise concierge
specialist i
speech and language therapist
splst principal, ingénierie systèmes clients
sponsorship and marketing coordinator
spt ii
sr.procurement officer
ssu human resources
stadf accountant
staff and assistant
staff and council member
staff process engineer
staffing consultant
staffing coordinator
stagehand
state manager
station manager
store manager
stores officer and ta
strategic account director,- technology vertical
strategic partnerships
strategic rm purchasing manager
street performer
student coordinator
student researcher
studentpraktikant
sub teacher
substitute teacher
superintendent's secretary
supervisor
supervisor of horticulture
supervisor regional no and ne
supervisor work equipment
supervisor, facilites
supervisory board member
supply chain analyst - construction and facilites
supply chain management
supply tech
support engineer
support, programmes (mtl)
surface land administrator
surveyor
sustainable design build program coordinator
system support technician
systems analyst
systems architect
systems consultant
systems engineer
talent acquisition specialist ii
talent aquisition manager
talent development manager
tax manager
tax research and training specialist
tax services advisor
tchr, music, elementary
teacher
teacher (retired)
teacher , guidance counselor , assistant principal
teacher assisstant
teacher assistant
teacher, nutrition, math games
teacher, science
teacher's assistant
teaching assistant
team lead front office development
team lead sd
team lead, senior software engineer
team leader
team leader - senior outreach counseling
team leader , crisis services
team manager
team manager client services
team mgr-workforce management
tech yahoo, software development engineer
technical architect
technical consultant
technical director
technical director, water and urban development, hong kong
technical instructor
technical manager
technical manager hispanic latin america
technical officer
technical project manager
technical specialist
technical supervisor
technician
technician ii
technicien informatique
telco sales
tele marketing
telesales and customer care team manager
telesales manager
television news producer and presenter
telstra manager
territorry manager
territory manager
territory sales manager
territory sales representative
test engineer
the buyer
third line infrastructure support
tier-3 support egineer
title i aide
tn1x mtbf and perf.
too many to list!
touring officer
trade floor support - financial systems support
trade support
trading division
traductrice-réviseure
traffic surveyor
trainee solicitor
training and systems manager
training manager
training specialist
training superintendent
trans world sport, assistant producer
transaction manager
transfer pricing manager
translations engineer
transportation coordinator
travel consultant
treasurer
treasury analyst
trustee
tutor
uk facilities and services manager
undergraduate - art and design and university transfer
undergraduate economic researcher
undergraduate research assistant
underwriting specialist
unemployed
unified communications deputy
unit manager
us online
van specialist
vendor management analyst
venue and  host manager for the global party 2013
venue general manager edmonton
vice chair, board of trustees
vice president
vice president - mobile devices and logistics
vice president - operations
vice president - studio media strategy and operations
vice president , clinical development
vice president , dc sales
vice president , development
vice president admin
vice president and chief information officer
vice president and general manager
vice president and medical director, usaa life insurance and investment services
vice president and treasurer
vice president de administraci?n de negocios
vice president emea
vice president engineering
vice president for latin america
vice president human resources
vice president internal affairs, communications
vice president latin america
vice president marketing
vice president of accounting
vice president of engineering
vice president of finance
vice president of marketing
vice president of operations
vice president of sales
vice president of services
vice president projects
vice president regional asset management
vice president sales
vice president sales strategy pmi
vice president shared support services
vice president solutions architecture
vice president strategy and business development
vice president, client management
vice president, finance
vice president, foreign exchange trading
vice president, human resources, division
vice president, people
vice president, product management
vice president, real estate, accounting
vice president, support services
vikings children's fund intern and mentor
visiting assistant professor
vocational rehabilitation consultant
voice expert
voice teacher
volunteer
vp
vp, customer operations and support
wagyu breeding and feedlot manager
warehouse coordinator
wcm training and communication manager
web developer
webmaster
weekend receptionist
werkstudent sales
western region general manager
wheel consultant
woodley branch manager and valuer
work broker - (ec)
work coordinator
worldpay i procurement category manager
writer , game developer
y6 teacher and art and dt subject leader
yah coordinator
yoga instructor
your testing partner
