85424165
646158956
556435264
646020089
640894099
346601220
646381566
346379319
344601083
602675068
559935336
525306319
349476999
520556928
646123430
645356006
645621128
521572543
645284934
645250945
646037231
646231861
645397449
646002967
640829194
643456781
645792996
642231925
644793029
646088975
646204978
646399104
645486617
644671607
645550181
645827877
646161261
642364828
644427915
644637224
645689995
646167575
646275385
644697809
638470263
645723649
646320090
646224940
645911173
644952981
641108306
646158756
643819246
646279584
646093457
638956237
645745426
638482092
646336386
644226890
646029334
645559772
646102507
645909688
644327847
643439590
643583836
645683823
